android_app/app/build/intermediates/manifest_merge_blame_file/debug/manifest-merger-blame-debug-report.txt
1<?xml version="1.0" encoding="utf-8"?>
2<manifest xmlns:android="http://schemas.android.com/apk/res/android"
3    package="com.shibasito.banco"
4    android:versionCode="1"
5    android:versionName="1.0" >
6
7    <uses-sdk
8        android:minSdkVersion="24"
9        android:targetSdkVersion="34" />
10
11    <uses-permission android:name="android.permission.INTERNET" />
11-->src\main\AndroidManifest.xml:5:5-67
11-->src\main\AndroidManifest.xml:5:22-64
12    <uses-permission android:name="android.permission.ACCESS_NETWORK_STATE" />
12-->src\main\AndroidManifest.xml:6:5-79
12-->src\main\AndroidManifest.xml:6:22-76
13    <uses-permission android:name="android.permission.CAMERA" />
13-->src\main\AndroidManifest.xml:7:5-65
13-->src\main\AndroidManifest.xml:7:22-62
14
15    <uses-feature
15-->src\main\AndroidManifest.xml:8:5-85
16        android:name="android.hardware.camera"
16-->src\main\AndroidManifest.xml:8:19-57
17        android:required="false" />
17-->src\main\AndroidManifest.xml:8:58-82
18    <uses-feature
18-->src\main\AndroidManifest.xml:9:5-95
19        android:name="android.hardware.camera.autofocus"
19-->src\main\AndroidManifest.xml:9:19-67
20        android:required="false" />
20-->src\main\AndroidManifest.xml:9:68-92
21
22    <permission
22-->[androidx.core:core:1.12.0] AndroidManifest.xml:22:5-24:47
23        android:name="com.shibasito.banco.DYNAMIC_RECEIVER_NOT_EXPORTED_PERMISSION"
23-->[androidx.core:core:1.12.0] AndroidManifest.xml:23:9-81
24        android:protectionLevel="signature" />
24-->[androidx.core:core:1.12.0] AndroidManifest.xml:24:9-44
25
26    <uses-permission android:name="com.shibasito.banco.DYNAMIC_RECEIVER_NOT_EXPORTED_PERMISSION" />
26-->[androidx.core:core:1.12.0] AndroidManifest.xml:26:5-97
26-->[androidx.core:core:1.12.0] AndroidManifest.xml:26:22-94
27
28    <uses-feature
28-->[com.journeyapps:zxing-android-embedded:4.3.0] AndroidManifest.xml:28:5-30:36
29        android:name="android.hardware.camera.front"
29-->[com.journeyapps:zxing-android-embedded:4.3.0] AndroidManifest.xml:29:9-53
30        android:required="false" />
30-->[com.journeyapps:zxing-android-embedded:4.3.0] AndroidManifest.xml:30:9-33
31    <uses-feature
31-->[com.journeyapps:zxing-android-embedded:4.3.0] AndroidManifest.xml:36:5-38:36
32        android:name="android.hardware.camera.flash"
32-->[com.journeyapps:zxing-android-embedded:4.3.0] AndroidManifest.xml:37:9-53
33        android:required="false" />
33-->[com.journeyapps:zxing-android-embedded:4.3.0] AndroidManifest.xml:38:9-33
34    <uses-feature
34-->[com.journeyapps:zxing-android-embedded:4.3.0] AndroidManifest.xml:39:5-41:36
35        android:name="android.hardware.screen.landscape"
35-->[com.journeyapps:zxing-android-embedded:4.3.0] AndroidManifest.xml:40:9-57
36        android:required="false" />
36-->[com.journeyapps:zxing-android-embedded:4.3.0] AndroidManifest.xml:41:9-33
37    <uses-feature
37-->[com.journeyapps:zxing-android-embedded:4.3.0] AndroidManifest.xml:42:5-44:36
38        android:name="android.hardware.wifi"
38-->[com.journeyapps:zxing-android-embedded:4.3.0] AndroidManifest.xml:43:9-45
39        android:required="false" />
39-->[com.journeyapps:zxing-android-embedded:4.3.0] AndroidManifest.xml:44:9-33
40
41    <application
41-->src\main\AndroidManifest.xml:11:5-57:19
42        android:allowBackup="true"
42-->src\main\AndroidManifest.xml:12:9-35
43        android:appComponentFactory="androidx.core.app.CoreComponentFactory"
43-->[androidx.core:core:1.12.0] AndroidManifest.xml:28:18-86
44        android:debuggable="true"
45        android:extractNativeLibs="false"
46        android:icon="@mipmap/ic_launcher"
46-->src\main\AndroidManifest.xml:13:9-43
47        android:label="@string/app_name"
47-->src\main\AndroidManifest.xml:14:9-41
48        android:roundIcon="@mipmap/ic_launcher_round"
48-->src\main\AndroidManifest.xml:15:9-54
49        android:supportsRtl="true"
49-->src\main\AndroidManifest.xml:16:9-35
50        android:testOnly="true"
51        android:theme="@style/Theme.BancoShibasito"
51-->src\main\AndroidManifest.xml:17:9-52
52        android:usesCleartextTraffic="true" >
52-->src\main\AndroidManifest.xml:18:9-44
53        <activity
53-->src\main\AndroidManifest.xml:20:9-28:20
54            android:name="com.shibasito.banco.MainActivity"
54-->src\main\AndroidManifest.xml:21:13-41
55            android:exported="true"
55-->src\main\AndroidManifest.xml:22:13-36
56            android:theme="@style/Theme.BancoShibasito" >
56-->src\main\AndroidManifest.xml:23:13-56
57            <intent-filter>
57-->src\main\AndroidManifest.xml:24:13-27:29
58                <action android:name="android.intent.action.MAIN" />
58-->src\main\AndroidManifest.xml:25:17-69
58-->src\main\AndroidManifest.xml:25:25-66
59
60                <category android:name="android.intent.category.LAUNCHER" />
60-->src\main\AndroidManifest.xml:26:17-77
60-->src\main\AndroidManifest.xml:26:27-74
61            </intent-filter>
62        </activity>
63        <activity
63-->src\main\AndroidManifest.xml:29:9-32:52
64            android:name="com.shibasito.banco.ui.login.LoginActivity"
64-->src\main\AndroidManifest.xml:30:13-51
65            android:exported="false"
65-->src\main\AndroidManifest.xml:31:13-37
66            android:screenOrientation="portrait" />
66-->src\main\AndroidManifest.xml:32:13-49
67        <activity
67-->src\main\AndroidManifest.xml:33:9-36:52
68            android:name="com.shibasito.banco.ui.home.HomeActivity"
68-->src\main\AndroidManifest.xml:34:13-49
69            android:exported="false"
69-->src\main\AndroidManifest.xml:35:13-37
70            android:screenOrientation="portrait" />
70-->src\main\AndroidManifest.xml:36:13-49
71        <activity
71-->src\main\AndroidManifest.xml:37:9-40:52
72            android:name="com.shibasito.banco.ui.chat.ChatActivity"
72-->src\main\AndroidManifest.xml:38:13-49
73            android:exported="false"
73-->src\main\AndroidManifest.xml:39:13-37
74            android:screenOrientation="portrait" />
74-->src\main\AndroidManifest.xml:40:13-49
75        <activity
75-->src\main\AndroidManifest.xml:41:9-44:52
76            android:name="com.shibasito.banco.ui.balance.BalanceActivity"
76-->src\main\AndroidManifest.xml:42:13-55
77            android:exported="false"
77-->src\main\AndroidManifest.xml:43:13-37
78            android:screenOrientation="portrait" />
78-->src\main\AndroidManifest.xml:44:13-49
79        <activity
79-->src\main\AndroidManifest.xml:45:9-48:52
80            android:name="com.shibasito.banco.ui.qr.QRScanActivity"
80-->src\main\AndroidManifest.xml:46:13-49
81            android:exported="false"
81-->src\main\AndroidManifest.xml:47:13-37
82            android:screenOrientation="portrait" />
82-->src\main\AndroidManifest.xml:48:13-49
83        <activity
83-->src\main\AndroidManifest.xml:49:9-52:52
84            android:name="com.shibasito.banco.ui.loan.LoanActivity"
84-->src\main\AndroidManifest.xml:50:13-49
85            android:exported="false"
85-->src\main\AndroidManifest.xml:51:13-37
86            android:screenOrientation="portrait" />
86-->src\main\AndroidManifest.xml:52:13-49
87        <activity
87-->src\main\AndroidManifest.xml:53:9-56:52
88            android:name="com.shibasito.banco.ui.debt.DebtActivity"
88-->src\main\AndroidManifest.xml:54:13-49
89            android:exported="false"
89-->src\main\AndroidManifest.xml:55:13-37
90            android:screenOrientation="portrait" />
90-->src\main\AndroidManifest.xml:56:13-49
91
92        <provider
92-->[androidx.emoji2:emoji2:1.2.0] AndroidManifest.xml:24:9-32:20
93            android:name="androidx.startup.InitializationProvider"
93-->[androidx.emoji2:emoji2:1.2.0] AndroidManifest.xml:25:13-67
94            android:authorities="com.shibasito.banco.androidx-startup"
94-->[androidx.emoji2:emoji2:1.2.0] AndroidManifest.xml:26:13-68
95            android:exported="false" >
95-->[androidx.emoji2:emoji2:1.2.0] AndroidManifest.xml:27:13-37
96            <meta-data
96-->[androidx.emoji2:emoji2:1.2.0] AndroidManifest.xml:29:13-31:52
97                android:name="androidx.emoji2.text.EmojiCompatInitializer"
97-->[androidx.emoji2:emoji2:1.2.0] AndroidManifest.xml:30:17-75
98                android:value="androidx.startup" />
98-->[androidx.emoji2:emoji2:1.2.0] AndroidManifest.xml:31:17-49
99            <meta-data
99-->[androidx.lifecycle:lifecycle-process:2.7.0] AndroidManifest.xml:29:13-31:52
100                android:name="androidx.lifecycle.ProcessLifecycleInitializer"
100-->[androidx.lifecycle:lifecycle-process:2.7.0] AndroidManifest.xml:30:17-78
101                android:value="androidx.startup" />
101-->[androidx.lifecycle:lifecycle-process:2.7.0] AndroidManifest.xml:31:17-49
102            <meta-data
102-->[androidx.profileinstaller:profileinstaller:1.3.0] AndroidManifest.xml:29:13-31:52
103                android:name="androidx.profileinstaller.ProfileInstallerInitializer"
103-->[androidx.profileinstaller:profileinstaller:1.3.0] AndroidManifest.xml:30:17-85
104                android:value="androidx.startup" />
104-->[androidx.profileinstaller:profileinstaller:1.3.0] AndroidManifest.xml:31:17-49
105        </provider>
106
107        <receiver
107-->[androidx.profileinstaller:profileinstaller:1.3.0] AndroidManifest.xml:34:9-52:20
108            android:name="androidx.profileinstaller.ProfileInstallReceiver"
108-->[androidx.profileinstaller:profileinstaller:1.3.0] AndroidManifest.xml:35:13-76
109            android:directBootAware="false"
109-->[androidx.profileinstaller:profileinstaller:1.3.0] AndroidManifest.xml:36:13-44
110            android:enabled="true"
110-->[androidx.profileinstaller:profileinstaller:1.3.0] AndroidManifest.xml:37:13-35
111            android:exported="true"
111-->[androidx.profileinstaller:profileinstaller:1.3.0] AndroidManifest.xml:38:13-36
112            android:permission="android.permission.DUMP" >
112-->[androidx.profileinstaller:profileinstaller:1.3.0] AndroidManifest.xml:39:13-57
113            <intent-filter>
113-->[androidx.profileinstaller:profileinstaller:1.3.0] AndroidManifest.xml:40:13-42:29
114                <action android:name="androidx.profileinstaller.action.INSTALL_PROFILE" />
114-->[androidx.profileinstaller:profileinstaller:1.3.0] AndroidManifest.xml:41:17-91
114-->[androidx.profileinstaller:profileinstaller:1.3.0] AndroidManifest.xml:41:25-88
115            </intent-filter>
116            <intent-filter>
116-->[androidx.profileinstaller:profileinstaller:1.3.0] AndroidManifest.xml:43:13-45:29
117                <action android:name="androidx.profileinstaller.action.SKIP_FILE" />
117-->[androidx.profileinstaller:profileinstaller:1.3.0] AndroidManifest.xml:44:17-85
117-->[androidx.profileinstaller:profileinstaller:1.3.0] AndroidManifest.xml:44:25-82
118            </intent-filter>
119            <intent-filter>
119-->[androidx.profileinstaller:profileinstaller:1.3.0] AndroidManifest.xml:46:13-48:29
120                <action android:name="androidx.profileinstaller.action.SAVE_PROFILE" />
120-->[androidx.profileinstaller:profileinstaller:1.3.0] AndroidManifest.xml:47:17-88
120-->[androidx.profileinstaller:profileinstaller:1.3.0] AndroidManifest.xml:47:25-85
121            </intent-filter>
122            <intent-filter>
122-->[androidx.profileinstaller:profileinstaller:1.3.0] AndroidManifest.xml:49:13-51:29
123                <action android:name="androidx.profileinstaller.action.BENCHMARK_OPERATION" />
123-->[androidx.profileinstaller:profileinstaller:1.3.0] AndroidManifest.xml:50:17-95
123-->[androidx.profileinstaller:profileinstaller:1.3.0] AndroidManifest.xml:50:25-92
124            </intent-filter>
125        </receiver>
126
127        <activity
127-->[com.journeyapps:zxing-android-embedded:4.3.0] AndroidManifest.xml:47:9-53:63
128            android:name="com.journeyapps.barcodescanner.CaptureActivity"
128-->[com.journeyapps:zxing-android-embedded:4.3.0] AndroidManifest.xml:48:13-74
129            android:clearTaskOnLaunch="true"
129-->[com.journeyapps:zxing-android-embedded:4.3.0] AndroidManifest.xml:49:13-45
130            android:screenOrientation="sensorLandscape"
130-->[com.journeyapps:zxing-android-embedded:4.3.0] AndroidManifest.xml:50:13-56
131            android:stateNotNeeded="true"
131-->[com.journeyapps:zxing-android-embedded:4.3.0] AndroidManifest.xml:51:13-42
132            android:theme="@style/zxing_CaptureTheme"
132-->[com.journeyapps:zxing-android-embedded:4.3.0] AndroidManifest.xml:52:13-54
133            android:windowSoftInputMode="stateAlwaysHidden" />
133-->[com.journeyapps:zxing-android-embedded:4.3.0] AndroidManifest.xml:53:13-60
134    </application>
135
136</manifest>